{"/Users/luizlopez/Documents/Development/Exercises/testing-with-jest-in-javascript/cloneArray.js": {"path":"/Users/luizlopez/Documents/Development/Exercises/testing-with-jest-in-javascript/cloneArray.js","statementMap":{"0":{"start":{"line":2,"column":4},"end":{"line":2,"column":21}},"1":{"start":{"line":5,"column":0},"end":{"line":5,"column":27}}},"fnMap":{"0":{"name":"cloneArray","decl":{"start":{"line":1,"column":9},"end":{"line":1,"column":19}},"loc":{"start":{"line":1,"column":27},"end":{"line":3,"column":1}},"line":1}},"branchMap":{},"s":{"0":2,"1":1},"f":{"0":2},"b":{},"_coverageSchema":"1a1c01bbd47fc00a2c39e90264f33305004495a9","hash":"7bfed31ec1e5de32f841e0bda338f5c6e3917031"}
,"/Users/luizlopez/Documents/Development/Exercises/testing-with-jest-in-javascript/subtract.js": {"path":"/Users/luizlopez/Documents/Development/Exercises/testing-with-jest-in-javascript/subtract.js","statementMap":{"0":{"start":{"line":2,"column":4},"end":{"line":2,"column":16}},"1":{"start":{"line":5,"column":0},"end":{"line":5,"column":25}}},"fnMap":{"0":{"name":"subtract","decl":{"start":{"line":1,"column":9},"end":{"line":1,"column":17}},"loc":{"start":{"line":1,"column":24},"end":{"line":3,"column":1}},"line":1}},"branchMap":{},"s":{"0":1,"1":1},"f":{"0":1},"b":{},"_coverageSchema":"1a1c01bbd47fc00a2c39e90264f33305004495a9","hash":"19a2d7e77f777979c7183906bb911a014fccf601"}
,"/Users/luizlopez/Documents/Development/Exercises/testing-with-jest-in-javascript/sum.js": {"path":"/Users/luizlopez/Documents/Development/Exercises/testing-with-jest-in-javascript/sum.js","statementMap":{"0":{"start":{"line":2,"column":4},"end":{"line":2,"column":16}},"1":{"start":{"line":6,"column":4},"end":{"line":6,"column":25}},"2":{"start":{"line":9,"column":0},"end":{"line":9,"column":20}}},"fnMap":{"0":{"name":"sum","decl":{"start":{"line":1,"column":9},"end":{"line":1,"column":12}},"loc":{"start":{"line":1,"column":19},"end":{"line":3,"column":1}},"line":1},"1":{"name":"helter","decl":{"start":{"line":5,"column":9},"end":{"line":5,"column":15}},"loc":{"start":{"line":5,"column":18},"end":{"line":7,"column":1}},"line":5}},"branchMap":{},"s":{"0":1,"1":0,"2":1},"f":{"0":1,"1":0},"b":{},"_coverageSchema":"1a1c01bbd47fc00a2c39e90264f33305004495a9","hash":"074feea2cd96fd1f6530728b62560ac9c032678c"}
}
